\BOOKMARK [1][-]{section.1}{\376\377\000W\000s\000t\001\031\000p}{}% 1
\BOOKMARK [2][-]{subsection.1.1}{\376\377\000C\000e\000l\000\040\000i\000\040\000z\000a\000k\000r\000e\000s\000\040\000p\000r\000o\000j\000e\000k\000t\000u}{section.1}% 2
\BOOKMARK [2][-]{subsection.1.2}{\376\377\001\171\000r\000\363\000d\001\102\000a\000\040\000d\000a\000n\000y\000c\000h}{section.1}% 3
\BOOKMARK [1][-]{section.2}{\376\377\000E\000T\000L}{}% 4
\BOOKMARK [2][-]{subsection.2.1}{\376\377\000S\000t\000w\000o\000r\000z\000e\000n\000i\000e\000\040\000t\000a\000b\000e\000l\000\040\000S\000t\000a\000g\000i\000n\000g}{section.2}% 5
\BOOKMARK [2][-]{subsection.2.2}{\376\377\000C\000z\000y\000s\000z\000c\000z\000e\000n\000i\000e\000\040\000d\000a\000n\000y\000c\000h}{section.2}% 6
\BOOKMARK [2][-]{subsection.2.3}{\376\377\000S\000t\000a\000n\000d\000a\000r\000y\000z\000a\000c\000j\000a\000\040\000r\000e\000l\000a\000c\000j\000i\000\040\000m\000i\001\031\000d\000z\000y\000\040\000t\000a\000b\000e\000l\000a\000m\000i}{section.2}% 7
\BOOKMARK [2][-]{subsection.2.4}{\376\377\000W\000z\000b\000o\000g\000a\000c\000e\000n\000i\000e\000\040\000d\000a\000n\000y\000c\000h\000\040\000o\000\040\000k\000o\000l\000u\000m\000n\000y\000\040\000a\000n\000a\000l\000i\000t\000y\000c\000z\000n\000e}{section.2}% 8
\BOOKMARK [2][-]{subsection.2.5}{\376\377\000T\000w\000o\000r\000z\000e\000n\000i\000e\000\040\000t\000a\000b\000e\000l\000\040\000w\000y\000m\000i\000a\000r\000o\000w\000y\000c\000h}{section.2}% 9
\BOOKMARK [2][-]{subsection.2.6}{\376\377\000T\000w\000o\000r\000z\000e\000n\000i\000e\000\040\000t\000a\000b\000e\000l\000i\000\040\000f\000a\000k\000t\000\363\000w}{section.2}% 10
\BOOKMARK [2][-]{subsection.2.7}{\376\377\000D\000o\000d\000a\000t\000k\000o\000w\000e\000\040\000t\000a\000b\000e\000l\000e\000\040\000f\000a\000k\000t\000\363\000w}{section.2}% 11
\BOOKMARK [2][-]{subsection.2.8}{\376\377\000U\000s\000u\000n\000i\001\031\000c\000i\000e\000\040\000t\000a\000b\000e\000l\000\040\000p\000o\001\133\000r\000e\000d\000n\000i\000c\000h}{section.2}% 12
\BOOKMARK [2][-]{subsection.2.9}{\376\377\000D\000i\000a\000g\000r\000a\000m\000\040\000p\000r\000o\000c\000e\000s\000u\000\040\000E\000T\000L}{section.2}% 13
\BOOKMARK [1][-]{section.3}{\376\377\000S\000S\000A\000S}{}% 14
\BOOKMARK [2][-]{subsection.3.1}{\376\377\001\171\000r\000\363\000d\001\102\000o\000\040\000d\000a\000n\000y\000c\000h\000\040\000i\000\040\000w\000i\000d\000o\000k}{section.3}% 15
\BOOKMARK [2][-]{subsection.3.2}{\376\377\000S\000t\000r\000u\000k\000t\000u\000r\000a\000\040\000k\000o\000s\000t\000k\000i\000\040\000O\000L\000A\000P}{section.3}% 16
\BOOKMARK [3][-]{subsubsection.3.2.1}{\376\377\000W\000y\000m\000i\000a\000r\000y}{subsection.3.2}% 17
\BOOKMARK [3][-]{subsubsection.3.2.2}{\376\377\000H\000i\000e\000r\000a\000r\000c\000h\000i\000e\000\040\000w\000\040\000w\000y\000m\000i\000a\000r\000a\000c\000h}{subsection.3.2}% 18
\BOOKMARK [3][-]{subsubsection.3.2.3}{\376\377\000G\000r\000u\000p\000y\000\040\000m\000i\000a\000r}{subsection.3.2}% 19
\BOOKMARK [3][-]{subsubsection.3.2.4}{\376\377\000M\000i\000a\000r\000y\000\040\000w\000y\000l\000i\000c\000z\000a\000n\000e}{subsection.3.2}% 20
\BOOKMARK [1][-]{section.4}{\376\377\000A\000n\000a\000l\000i\000z\000a}{}% 21
\BOOKMARK [2][-]{subsection.4.1}{\376\377\000P\000y\000t\000a\000n\000i\000a\000\040\000a\000n\000a\000l\000i\000t\000y\000c\000z\000n\000e}{section.4}% 22
\BOOKMARK [3][-]{subsubsection.4.1.1}{\376\377\000W\000p\001\102\000y\000w\000\040\000t\000y\000p\000u\000\040\000k\000u\000r\000s\000u\000\040\000n\000a\000\040\001\133\000r\000e\000d\000n\000i\001\005\000\040\000o\000c\000e\000n\000\040\000i\000\040\000z\000d\000a\000w\000a\000l\000n\000o\001\133\001\007}{subsection.4.1}% 23
\BOOKMARK [3][-]{subsubsection.4.1.2}{\376\377\000W\000p\001\102\000y\000w\000\040\000t\000y\000t\000u\001\102\000u\000\040\000n\000a\000u\000k\000o\000w\000e\000g\000o\000\040\000p\000r\000o\000w\000a\000d\000z\001\005\000c\000e\000g\000o\000\040\000n\000a\000\040\000w\000y\000n\000i\000k\000i\000\040\000s\000t\000u\000d\000e\000n\000t\000\363\000w}{subsection.4.1}% 24
\BOOKMARK [3][-]{subsubsection.4.1.3}{\376\377\000W\000p\001\102\000y\000w\000\040\000j\000e\000d\000n\000o\000s\000t\000k\000i\000\040\000p\000r\000o\000w\000a\000d\000z\001\005\000c\000e\000g\000o\000\040\000n\000a\000\040\000w\000y\000n\000i\000k\000i\000\040\000s\000t\000u\000d\000e\000n\000t\000\363\000w}{subsection.4.1}% 25
\BOOKMARK [3][-]{subsubsection.4.1.4}{\376\377\000Z\000a\000l\000e\001\174\000n\000o\001\133\001\007\000\040\000w\000y\000n\000i\000k\000\363\000w\000\040\000o\000d\000\040\000f\000o\000r\000m\000y\000\040\000z\000a\000l\000i\000c\000z\000e\000n\000i\000a\000\040\000i\000\040\000r\000o\000k\000u\000\040\000s\000t\000u\000d\000i\000\363\000w}{subsection.4.1}% 26
\BOOKMARK [3][-]{subsubsection.4.1.5}{\376\377\000W\000p\001\102\000y\000w\000\040\000o\000b\000c\000i\001\005\001\174\000e\000n\000i\000a\000\040\000n\000a\000u\000c\000z\000y\000c\000i\000e\000l\000a\000\040\000n\000a\000\040\000w\000y\000n\000i\000k\000i\000\040\000s\000t\000u\000d\000e\000n\000t\000\363\000w}{subsection.4.1}% 27
